<?xml version="1.0" encoding="UTF-8"?>
<testng-results ignored="0" total="1" passed="1" failed="0" skipped="0">
  <reporter-output>
  </reporter-output>
  <suite started-at="2023-07-20T17:03:26 IST" name="Default suite" finished-at="2023-07-20T17:04:24 IST" duration-ms="58375">
    <groups>
    </groups>
    <test started-at="2023-07-20T17:03:26 IST" name="Default test" finished-at="2023-07-20T17:04:24 IST" duration-ms="58375">
      <class name="com.workspace.Login">
        <test-method is-config="true" signature="openurl()[pri:0, instance:com.workspace.Login@619713e5]" started-at="2023-07-20T17:03:26 IST" name="openurl" finished-at="2023-07-20T17:03:41 IST" duration-ms="14974" status="PASS">
          <reporter-output>
          </reporter-output>
        </test-method> <!-- openurl -->
        <test-method signature="login()[pri:0, instance:com.workspace.Login@619713e5]" started-at="2023-07-20T17:03:41 IST" name="login" finished-at="2023-07-20T17:04:24 IST" duration-ms="43305" status="PASS">
          <reporter-output>
          </reporter-output>
        </test-method> <!-- login -->
        <test-method is-config="true" signature="afterTest()[pri:0, instance:com.workspace.Login@619713e5]" started-at="2023-07-20T17:04:24 IST" name="afterTest" finished-at="2023-07-20T17:04:24 IST" duration-ms="1" status="PASS">
          <reporter-output>
          </reporter-output>
        </test-method> <!-- afterTest -->
      </class> <!-- com.workspace.Login -->
    </test> <!-- Default test -->
  </suite> <!-- Default suite -->
</testng-results>
